make.exe all --print-data-base --no-builtin-variables --no-builtin-rules --question
# GNU Make 4.3
# Built for Windows32
# Copyright (C) 1988-2020 Free Software Foundation, Inc.
# License GPLv3+: GNU GPL version 3 or later <http://gnu.org/licenses/gpl.html>
# This is free software: you are free to change and redistribute it.
# There is NO WARRANTY, to the extent permitted by law.

# Make data base, printed on Mon May 06 17:27:07 2024

# Variables

# environment
FPS_BROWSER_APP_PROFILE_STRING = Internet Explorer
# environment
SYSTEMDRIVE = C:
# environment
LC_ALL = C
# environment
USERPROFILE = C:\Users\User
# environment
LOCALAPPDATA = C:\Users\User\AppData\Local
# environment
VSCODE_CRASH_REPORTER_PROCESS_TYPE = extensionHost
# environment
VSCODE_CWD = C:\Users\User\Desktop
# environment
SYSTEMROOT = C:\WINDOWS
# environment
PROCESSOR_LEVEL = 6
# environment
PSMODULEPATH = C:\WINDOWS\system32\WindowsPowerShell\v1.0\Modules\
# default
MAKE_COMMAND := make.exe
# automatic
@D = $(patsubst %/,%,$(patsubst %\,%,$(dir $@)))
# makefile (from 'Makefile', line 25)
OBJ_DIR = obj
# environment
CHROME_CRASHPAD_PIPE_NAME = \\.\pipe\crashpad_2864_HWKNMRKKANPGWZJI
# environment
FPS_BROWSER_USER_PROFILE_STRING = Default
# environment
VSCODE_HANDLES_UNCAUGHT_ERRORS = true
# default
.VARIABLES := 
# automatic
%D = $(patsubst %/,%,$(patsubst %\,%,$(dir $%)))
# automatic
^D = $(patsubst %/,%,$(patsubst %\,%,$(dir $^)))
# automatic
%F = $(notdir $%)
# environment
VSCODE_CODE_CACHE_PATH = C:\Users\User\AppData\Roaming\Code\CachedData\b58957e67ee1e712cebf466b995adf4c5307b2bd
# environment
LANG = C
# default
.LOADED := 
# environment
TMP = C:\Users\User\AppData\Local\Temp
# default
.INCLUDE_DIRS = .
# makefile
MAKEFLAGS = pqrR
# environment
INTEL_DEV_REDIST = C:\Program Files (x86)\Common Files\Intel\Shared Libraries\
# environment
ONEDRIVE = C:\Users\User\OneDrive
# environment
POWERSHELL_DISTRIBUTION_CHANNEL = MSI:Windows 10 Home
# makefile
CURDIR := c:/Users/User/Desktop/Libft
# environment
APPLICATION_INSIGHTS_NO_DIAGNOSTIC_CHANNEL = 1
# makefile (from 'Makefile', line 21)
SRCS = $(wildcard src/*.c)
# automatic
*D = $(patsubst %/,%,$(patsubst %\,%,$(dir $*)))
# environment
PROGRAMFILES = C:\Program Files
# environment
MFLAGS = -pqrR
# makefile (from 'Makefile', line 23)
BONSRCS = $(wildcard src/ft_lst*.c)
# default
.SHELLFLAGS := -c
# environment
COMMONPROGRAMW6432 = C:\Program Files\Common Files
# automatic
+D = $(patsubst %/,%,$(patsubst %\,%,$(dir $+)))
# makefile (from 'Makefile', line 1)
MAKEFILE_LIST := Makefile
# automatic
@F = $(notdir $@)
# environment
VSCODE_PID = 2864
# automatic
?D = $(patsubst %/,%,$(patsubst %\,%,$(dir $?)))
# automatic
*F = $(notdir $*)
# automatic
<D = $(patsubst %/,%,$(patsubst %\,%,$(dir $<)))
# environment
VSCODE_NLS_CONFIG = {"locale":"en-us","osLocale":"ru","availableLanguages":{},"_languagePackSupport":true}
# default
MAKE_HOST := Windows32
# makefile (from 'Makefile', line 27)
OBJS = $(addprefix $(OBJ_DIR)/, $(SRCS:.c=.o))
# environment
PROGRAMDATA = C:\ProgramData
# default
SHELL := sh.exe
# environment
HOMEPATH = \Users\User
# default
MAKECMDGOALS := all
# environment
DRIVERDATA = C:\Windows\System32\Drivers\DriverData
# environment
COMSPEC = C:\WINDOWS\system32\cmd.exe
# environment
WINDIR = C:\WINDOWS
# environment
MAKELEVEL := 0
# default
MAKE = $(MAKE_COMMAND)
# environment
PATH = C:\Program Files (x86)\NVIDIA Corporation\PhysX\Common;C:\Program Files (x86)\Common Files\Intel\Shared Libraries\redist\intel64\compiler;C:\WINDOWS\system32;C:\WINDOWS;C:\WINDOWS\System32\Wbem;C:\WINDOWS\System32\WindowsPowerShell\v1.0\;C:\WINDOWS\System32\OpenSSH\;C:\Program Files\Microsoft SQL Server\150\Tools\Binn\;C:\Program Files\Git\cmd;C:\Program Files\Docker\Docker\resources\bin;C:\Program Files\PowerShell\7\;C:\Users\User\AppData\Local\Microsoft\WindowsApps;C:\Users\User\AppData\Local\Programs\Microsoft VS Code\bin;C:\MinGW\bin;
# environment
COMPUTERNAME = DESKTOP-8JIVG4V
# default
MAKEFILES := 
# automatic
^F = $(notdir $^)
# environment
PROMPT = $P$G
# environment
LOGONSERVER = \\DESKTOP-8JIVG4V
# environment
USERNAME = User
# makefile (from 'Makefile', line 29)
BONOBJS = $(addprefix $(OBJ_DIR)/, $(BONSRCS:.c=.o))
# environment
COMMONPROGRAMFILES = C:\Program Files\Common Files
# automatic
?F = $(notdir $?)
# environment
PROGRAMW6432 = C:\Program Files
# makefile (from 'Makefile', line 13)
NAME = libft.a
# environment
PATHEXT = .COM;.EXE;.BAT;.CMD;.VBS;.VBE;.JS;.JSE;.WSF;.WSH;.MSC
# automatic
+F = $(notdir $+)
# environment
ORIGINAL_XDG_CURRENT_DESKTOP = undefined
# environment
USERDOMAIN = DESKTOP-8JIVG4V
# 'override' directive
GNUMAKEFLAGS := 
# environment
OS = Windows_NT
# makefile
.DEFAULT_GOAL := all
# makefile (from 'Makefile', line 19)
RM = rm -f
# default
MAKE_VERSION := 4.3
# environment
PROGRAMFILES(X86) = C:\Program Files (x86)
# environment
USERDOMAIN_ROAMINGPROFILE = DESKTOP-8JIVG4V
# environment
NUMBER_OF_PROCESSORS = 12
# environment
PUBLIC = C:\Users\Public
# environment
APPDATA = C:\Users\User\AppData\Roaming
# makefile (from 'Makefile', line 17)
CFLAGS = -Wall -Wextra -Werror
# environment
HOMEDRIVE = C:
# environment
PROCESSOR_ARCHITECTURE = AMD64
# environment
VSCODE_AMD_ENTRYPOINT = vs/workbench/api/node/extensionHostProcess
# environment
COMMONPROGRAMFILES(X86) = C:\Program Files (x86)\Common Files
# environment
ELECTRON_RUN_AS_NODE = 1
# environment
TEMP = C:\Users\User\AppData\Local\Temp
# environment
VSCODE_IPC_HOOK = \\.\pipe\7a324ef7-1.89.0-main-sock
# default
.RECIPEPREFIX := 
# automatic
<F = $(notdir $<)
# default
SUFFIXES := 
# environment
ALLUSERSPROFILE = C:\ProgramData
# environment
SESSIONNAME = Console
# default
.FEATURES := target-specific order-only second-expansion else-if shortest-stem undefine oneshell nocomment grouped-target extra-prereqs archives jobserver output-sync load
# environment
MIC_LD_LIBRARY_PATH = C:\Program Files (x86)\Common Files\Intel\Shared Libraries\compiler\lib\mic
# environment
PROCESSOR_REVISION = a502
# makefile (from 'Makefile', line 15)
CC = cc
# environment
PROCESSOR_IDENTIFIER = Intel64 Family 6 Model 165 Stepping 2, GenuineIntel
# variable set hash-table stats:
# Load=101/1024=10%, Rehash=0, Collisions=14/144=10%

# Pattern-specific Variable Values

# No pattern-specific variable values.

# Directories

# src (key c:/Users/User/Desktop/Libft/src, mtime 1715001475): 45 files, no impossibilities.
# . (key c:/Users/User/Desktop/Libft, mtime 1715001983): 8 files, no impossibilities.

# 53 files, no impossibilities in 2 dir 
ectories.

# Implicit Rules

obj/%.o: %.c
#  recipe to execute (from 'Makefile', line 34):
				@mkdir -p $(OBJ_DIR)/src
				@mkdir -p $(OBJ_DIR)/src
				@$(CC) $(CFLAGS) -o $@ -c $<

# 1 implicit rules, 0 (0.0%) terminal.
# Files

# Not a target:
src/ft_atoi.c:
#  Implicit rule search has been done.
#  Last modified 2024-05-06 16:55:15
#  File has been updated.
#  Successfully updated.

# Not a target:
obj/src/ft_lstlast.o:
#  Implicit rule search has not been done.
#  Modification time never checked.
#  File has not been updated.

# Not a target:
obj/src/ft_isalnum.o:
#  Implicit rule search has not been done.
#  Modification time never checked.
#  File has not been updated.

# Not a target:
obj/src/ft_lstclear.o:
#  Implicit rule search has not been done.
#  Modification time never checked.
#  File has not been updated.

# Not a target:
obj/src/ft_itoa.o:
#  Implicit rule search has not been done.
#  Modification time never checked.
#  File has not been updated.

libft.a: obj/src/ft_atoi.o obj/src/ft_bzero.o obj/src/ft_calloc.o obj/src/ft_isalnum.o obj/src/ft_isalpha.o obj/src/ft_isascii.o obj/src/ft_isdigit.o obj/src/ft_isprint.o obj/src/ft_itoa.o obj/src/ft_lstadd_back.o obj/src/ft_lstadd_front.o obj/src/ft_lstclear.o obj/src/ft_lstdelone.o obj/src/ft_lstiter.o obj/src/ft_lstlast.o obj/src/ft_lstmap.o obj/src/ft_lstnew.o obj/src/ft_lstsize.o obj/src/ft_memchr.o obj/src/ft_memcmp.o obj/src/ft_memcpy.o obj/src/ft_memmove.o obj/src/ft_memset.o obj/src/ft_putchar_fd.o obj/src/ft_putendl_fd.o obj/src/ft_putnbr_fd.o obj/src/ft_putstr_fd.o obj/src/ft_split.o obj/src/ft_strchr.o obj/src/ft_strdup.o obj/src/ft_striteri.o obj/src/ft_strjoin.o obj/src/ft_strlcat.o obj/src/ft_strlcpy.o obj/src/ft_strlen.o obj/src/ft_strmapi.o obj/src/ft_strncmp.o obj/src/ft_strnstr.o obj/src/ft_strrchr.o obj/src/ft_strtrim.o obj/src/ft_substr.o obj/src/ft_tolower.o obj/src/ft_toupper.o
#  Implicit rule search has not been done.
#  File does not exist.
#  File has been updated.
#  Needs to be updated (-q is set).
# variable set hash-table stats:
# Load=0/32=0%, Rehash=0, Collisions=0/7=0%
#  recipe to execute (from 'Makefile', line 39):
			@ar rcs $(NAME) $(OBJS)
			@echo "\x1b[32m$(NAME) is compiled!\x1b[32m"

# Not a target:
obj/src/ft_split.o:
#  Implicit rule search has not been done.
#  Modification time never checked.
#  File has not been updated.

# Not a target:
obj/src/ft_strjoin.o:
#  Implicit rule search has not been done.
#  Modification time never checked.
#  File has not been updated.

# Not a target:
obj/src/ft_tolower.o:
#  Implicit rule search has not been done.
#  Modification time never checked.
#  File has not been updated.

# Not a target:
obj/src/ft_strlcat.o:
#  Implicit rule search has not been done.
#  Modification time never checked.
#  File has not been updated.

# Not a target:
obj/src/ft_lstadd_back.o:
#  Implicit rule search has not been done.
#  Modification time never checked.
#  File has not been updated.

# Not a target:
obj/src/ft_lstiter.o:
#  Implicit rule search has not been done.
#  Modification time never checked.
#  File has not been updated.

# Not a target:
Makefile:
#  Implicit rule search has been done.
#  Last modified 2024-05-06 17:26:10
#  File has been updated.
#  Successfully updated.

# Not a target:
obj/src/ft_substr.o:
#  Implicit rule search has not been done.
#  Modification time never checked.
#  File has not been updated.

# Not a target:
obj/src/ft_memcpy.o:
#  Implicit rule search has not been done.
#  Modification time never checked.
#  File has not been updated.

# Not a target:
obj/src/ft_strlen.o:
#  Implicit rule search has not been done.
#  Modification time never checked.
#  File has not been updated.

# Not a target:
obj/src/ft_strnstr.o:
#  Implicit rule search has not been done.
#  Modification time never checked.
#  File has not been updated.

# Not a target:
obj/src/ft_memcmp.o:
#  Implicit rule search has not been done.
#  Modification time never checked.
#  File has not been updated.

bonus: obj/src/ft_lstadd_back.o obj/src/ft_lstadd_front.o obj/src/ft_lstclear.o obj/src/ft_lstdelone.o obj/src/ft_lstiter.o obj/src/ft_lstlast.o obj/src/ft_lstmap.o obj/src/ft_lstnew.o obj/src/ft_lstsize.o
#  Phony target (prerequisite of .PHONY).
#  Implicit rule search has not been done.
#  File does not exist.
#  File has not been updated.
#  recipe to execute (from 'Makefile', line 44):
			@ar rcs $(NAME) $(BONOBJS)
			

# Not a target:
obj/src/ft_lstmap.o:
#  Implicit rule search has not been done.
#  Modification time never checked.
#  File has not been updated.

clean:
#  Phony target (prerequisite of .PHONY).
#  Implicit rule search has not been done.
#  File does not exist.
#  File has not been updated.
#  recipe to execute (from 'Makefile', line 47):
			@rm -rf $(OBJ_DIR)
			@$(RM) $(OBJS)
			@$(RM) $(BONOBJS)

# Not a target:
obj/src/ft_strdup.o:
#  Implicit rule search has not been done.
#  Modification time never checked.
#  File has not been updated.

# Not a target:
obj/src/ft_calloc.o:
#  Implicit rule search has not been done.
#  Modification time never checked.
#  File has not been updated.

# Not a target:
obj/src/ft_toupper.o:
#  Implicit rule search has not been done.
#  Modification time never checked.
#  File has not been updated.

re: fclean all
#  Phony target (prerequisite of .PHONY).
#  Implicit rule search has not been done.
#  File does not exist.
#  File has not been updated.

obj/src/ft_atoi.o: src/ft_atoi.c
#  Implicit rule search has been done.
#  Implicit/static pattern stem: 'src/ft_atoi'
#  File does not exist.
#  File has been updated.
#  Needs to be updated (-q is set).
# automatic
# @ := obj/src/ft_atoi.o
# automatic
# * := src/ft_atoi
# automatic
# < := src/ft_atoi.c
# automatic
# + := src/ft_atoi.c
# automatic
# % := 
# automatic
# ^ := src/ft_atoi.c
# automatic
# ? := src/ft_atoi.c
# automatic
# | := 
# variable set hash-table stats:
# Load=8/32=25%, Rehash=0, Collisions=2/17=12%
#  recipe to execute (from 'Makefile', line 34):
				@mkdir -p $(OBJ_DIR)/src
				@mkdir -p $(OBJ_DIR)/src
				@$(CC) $(CFLAGS) -o $@ -c $<

# Not a target:
obj/src/ft_isalpha.o:
#  Implicit rule search has not been done.
#  Modification time never checked.
#  File has not been updated.

# Not a target:
obj/src/ft_isprint.o:
#  Implicit rule search has not been done.
#  Modification time never checked.
#  File has not been updated.

# Not a target:
.DEFAULT:
#  Implicit rule search has not been done.
#  Modification time never checked.
#  File has not been updated.

# Not a target:
obj/src/ft_putchar_fd.o:
#  Implicit rule search has not been done.
#  Modification time never checked.
#  File has not been updated.

# Not a target:
obj/src/ft_lstadd_front.o:
#  Implicit rule search has not been done.
#  Modification time never checked.
#  File has not been updated.

# Not a target:
obj/src/ft_lstsize.o:
#  Implicit rule search has not been done.
#  Modification time never checked.
#  File has not been updated.

all: libft.a
#  Phony target (prerequisite of .PHONY).
#  Command line target.
#  Implicit rule search has not been done.
#  File does not exist.
#  File has been updated.
#  Needs to be updated (-q is set).
# variable set hash-table stats:
# Load=0/32=0%, Rehash=0, Collisions=0/7=0%

# Not a target:
obj/src/ft_putnbr_fd.o:
#  Implicit rule search has not been done.
#  Modification time never checked.
#  File has not been updated.

fclean: clean
#  Phony target (prerequisite of .PHONY).
#  Implicit rule search has not been done.
#  File does not exist.
#  File has not been updated.
#  recipe to execute (from 'Makefile', line 52):
			@$(RM) $(NAME)

# Not a target:
obj/src/ft_memmove.o:
#  Implicit rule search has not been done.
#  Modification time never checked.
#  File has not been updated.

# Not a target:
obj/src/ft_lstdelone.o:
#  Implicit rule search has not been done.
#  Modification time never checked.
#  File has not been updated.

# Not a target:
obj/src/ft_strrchr.o:
#  Implicit rule search has not been done.
#  Modification time never checked.
#  File has not been updated.

# Not a target:
obj/src/ft_bzero.o:
#  Implicit rule search has not been done.
#  Modification time never checked.
#  File has not been updated.

# Not a target:
obj/src/ft_strchr.o:
#  Implicit rule search has not been done.
#  Modification time never checked.
#  File has not been updated.

# Not a target:
obj/src/ft_isascii.o:
#  Implicit rule search has not been done.
#  Modification time never checked.
#  File has not been updated.

# Not a target:
obj/src/ft_putstr_fd.o:
#  Implicit rule search has not been done.
#  Modification time never checked.
#  File has not been updated.

# Not a target:
obj/src/ft_strncmp.o:
#  Implicit rule search has not been done.
#  Modification time never checked.
#  File has not been updated.

# Not a target:
obj/src/ft_strtrim.o:
#  Implicit rule search has not been done.
#  Modification time never checked.
#  File has not been updated.

# Not a target:
obj/src/ft_memset.o:
#  Implicit rule search has not been done.
#  Modification time never checked.
#  File has not been updated.

# Not a target:
obj/src/ft_strmapi.o:
#  Implicit rule search has not been done.
#  Modification time never checked.
#  File has not been updated.

# Not a target:
obj/src/ft_putendl_fd.o:
#  Implicit rule search has not been done.
#  Modification time never checked.
#  File has not been updated.

# Not a target:
obj/src/ft_lstnew.o:
#  Implicit rule search has not been done.
#  Modification time never checked.
#  File has not been updated.

# Not a target:
obj/src/ft_striteri.o:
#  Implicit rule search has not been done.
#  Modification time never checked.
#  File has not been updated.

# Not a target:
obj/src/ft_memchr.o:
#  Implicit rule search has not been done.
#  Modification time never checked.
#  File has not been updated.

# Not a target:
obj/src/ft_isdigit.o:
#  Implicit rule search has not been done.
#  Modification time never checked.
#  File has not been updated.

.PHONY: all bonus clean fclean re
#  Implicit rule search has not been done.
#  Modification time never checked.
#  File has not been updated.

# Not a target:
obj/src/ft_strlcpy.o:
#  Implicit rule search has not been done.
#  Modification time never checked.
#  File has not been updated.

# files hash-table stats:
# Load=54/1024=5%, Rehash=0, Collisions=1/130=1%
# VPATH Search Paths

# No 'vpath' search paths.

# No general ('VPATH' variable) search path.

# strcache buffers: 1 (0) / strings = 107 / storage = 1613 B / avg = 15 B
# current buf: size = 8162 B / used = 1613 B / count = 107 / avg = 15 B

# strcache performance: lookups = 141 / hit rate = 24%
# hash-table stats:
# Load=107/8192=1%, Rehash=0, Collisions=0/141=0%
# Finished Make data base on Mon May 06 17:27:07 2024

 
